[0.471s] DEBUG:colcon:Command line arguments: ['/usr/bin/colcon', 'build']
[0.471s] DEBUG:colcon:Parsed command line arguments: Namespace(log_base=None, log_level=None, verb_name='build', build_base='build', install_base='install', merge_install=False, symlink_install=False, test_result_base=None, continue_on_error=False, executor='parallel', parallel_workers=4, event_handlers=None, ignore_user_meta=False, metas=['./colcon.meta'], base_paths=['.'], packages_ignore=None, packages_ignore_regex=None, paths=None, packages_up_to=None, packages_up_to_regex=None, packages_above=None, packages_above_and_dependencies=None, packages_above_depth=None, packages_select_by_dep=None, packages_skip_by_dep=None, packages_skip_up_to=None, packages_select_build_failed=False, packages_skip_build_finished=False, packages_select_test_failures=False, packages_skip_test_passed=False, packages_select=None, packages_skip=None, packages_select_regex=None, packages_skip_regex=None, packages_start=None, packages_end=None, allow_overriding=[], cmake_args=None, cmake_target=None, cmake_target_skip_unavailable=False, cmake_clean_cache=False, cmake_clean_first=False, cmake_force_configure=False, ament_cmake_args=None, catkin_cmake_args=None, catkin_skip_building_tests=False, mixin_files=None, mixin=None, verb_parser=<colcon_mixin.mixin.mixin_argument.MixinArgumentDecorator object at 0xffffa1abd390>, verb_extension=<colcon_core.verb.build.BuildVerb object at 0xffffa1bb6290>, main=<bound method BuildVerb.main of <colcon_core.verb.build.BuildVerb object at 0xffffa1bb6290>>, mixin_verb=('build',))
[1.174s] Level 1:colcon.colcon_core.package_discovery:discover_packages(colcon_meta) check parameters
[1.174s] Level 1:colcon.colcon_core.package_discovery:discover_packages(recursive) check parameters
[1.174s] Level 1:colcon.colcon_core.package_discovery:discover_packages(ignore) check parameters
[1.175s] Level 1:colcon.colcon_core.package_discovery:discover_packages(path) check parameters
[1.175s] Level 1:colcon.colcon_core.package_discovery:discover_packages(colcon_meta) discover
[1.175s] Level 1:colcon.colcon_core.package_discovery:discover_packages(recursive) discover
[1.175s] INFO:colcon.colcon_core.package_discovery:Crawling recursively for packages in '/home/ubuntu/tb3_ws'
[1.175s] Level 1:colcon.colcon_core.package_identification:_identify(.) by extensions ['ignore', 'ignore_ament_install']
[1.176s] Level 1:colcon.colcon_core.package_identification:_identify(.) by extension 'ignore'
[1.176s] Level 1:colcon.colcon_core.package_identification:_identify(.) by extension 'ignore_ament_install'
[1.176s] Level 1:colcon.colcon_core.package_identification:_identify(.) by extensions ['colcon_pkg']
[1.177s] Level 1:colcon.colcon_core.package_identification:_identify(.) by extension 'colcon_pkg'
[1.177s] Level 1:colcon.colcon_core.package_identification:_identify(.) by extensions ['colcon_meta']
[1.177s] Level 1:colcon.colcon_core.package_identification:_identify(.) by extension 'colcon_meta'
[1.177s] Level 1:colcon.colcon_core.package_identification:_identify(.) by extensions ['ros']
[1.177s] Level 1:colcon.colcon_core.package_identification:_identify(.) by extension 'ros'
[1.227s] Level 1:colcon.colcon_core.package_identification:_identify(.) by extensions ['cmake', 'python']
[1.228s] Level 1:colcon.colcon_core.package_identification:_identify(.) by extension 'cmake'
[1.228s] Level 1:colcon.colcon_core.package_identification:_identify(.) by extension 'python'
[1.228s] Level 1:colcon.colcon_core.package_identification:_identify(.) by extensions ['python_setup_py']
[1.228s] Level 1:colcon.colcon_core.package_identification:_identify(.) by extension 'python_setup_py'
[1.229s] Level 1:colcon.colcon_core.package_identification:_identify(build) by extensions ['ignore', 'ignore_ament_install']
[1.229s] Level 1:colcon.colcon_core.package_identification:_identify(build) by extension 'ignore'
[1.230s] Level 1:colcon.colcon_core.package_identification:_identify(build) ignored
[1.230s] Level 1:colcon.colcon_core.package_identification:_identify(install) by extensions ['ignore', 'ignore_ament_install']
[1.231s] Level 1:colcon.colcon_core.package_identification:_identify(install) by extension 'ignore'
[1.231s] Level 1:colcon.colcon_core.package_identification:_identify(install) ignored
[1.232s] Level 1:colcon.colcon_core.package_identification:_identify(log) by extensions ['ignore', 'ignore_ament_install']
[1.232s] Level 1:colcon.colcon_core.package_identification:_identify(log) by extension 'ignore'
[1.232s] Level 1:colcon.colcon_core.package_identification:_identify(log) ignored
[1.233s] Level 1:colcon.colcon_core.package_identification:_identify(src) by extensions ['ignore', 'ignore_ament_install']
[1.233s] Level 1:colcon.colcon_core.package_identification:_identify(src) by extension 'ignore'
[1.233s] Level 1:colcon.colcon_core.package_identification:_identify(src) by extension 'ignore_ament_install'
[1.233s] Level 1:colcon.colcon_core.package_identification:_identify(src) by extensions ['colcon_pkg']
[1.234s] Level 1:colcon.colcon_core.package_identification:_identify(src) by extension 'colcon_pkg'
[1.234s] Level 1:colcon.colcon_core.package_identification:_identify(src) by extensions ['colcon_meta']
[1.234s] Level 1:colcon.colcon_core.package_identification:_identify(src) by extension 'colcon_meta'
[1.234s] Level 1:colcon.colcon_core.package_identification:_identify(src) by extensions ['ros']
[1.234s] Level 1:colcon.colcon_core.package_identification:_identify(src) by extension 'ros'
[1.235s] Level 1:colcon.colcon_core.package_identification:_identify(src) by extensions ['cmake', 'python']
[1.235s] Level 1:colcon.colcon_core.package_identification:_identify(src) by extension 'cmake'
[1.235s] Level 1:colcon.colcon_core.package_identification:_identify(src) by extension 'python'
[1.235s] Level 1:colcon.colcon_core.package_identification:_identify(src) by extensions ['python_setup_py']
[1.235s] Level 1:colcon.colcon_core.package_identification:_identify(src) by extension 'python_setup_py'
[1.236s] Level 1:colcon.colcon_core.package_identification:_identify(src/tb3_rnftsmc) by extensions ['ignore', 'ignore_ament_install']
[1.236s] Level 1:colcon.colcon_core.package_identification:_identify(src/tb3_rnftsmc) by extension 'ignore'
[1.236s] Level 1:colcon.colcon_core.package_identification:_identify(src/tb3_rnftsmc) by extension 'ignore_ament_install'
[1.236s] Level 1:colcon.colcon_core.package_identification:_identify(src/tb3_rnftsmc) by extensions ['colcon_pkg']
[1.237s] Level 1:colcon.colcon_core.package_identification:_identify(src/tb3_rnftsmc) by extension 'colcon_pkg'
[1.237s] Level 1:colcon.colcon_core.package_identification:_identify(src/tb3_rnftsmc) by extensions ['colcon_meta']
[1.237s] Level 1:colcon.colcon_core.package_identification:_identify(src/tb3_rnftsmc) by extension 'colcon_meta'
[1.237s] Level 1:colcon.colcon_core.package_identification:_identify(src/tb3_rnftsmc) by extensions ['ros']
[1.237s] Level 1:colcon.colcon_core.package_identification:_identify(src/tb3_rnftsmc) by extension 'ros'
[1.246s] DEBUG:colcon.colcon_core.package_identification:Package 'src/tb3_rnftsmc' with type 'ros.ament_python' and name 'tb3_rnftsmc'
[1.246s] Level 1:colcon.colcon_core.package_discovery:discover_packages(recursive) using defaults
[1.247s] Level 1:colcon.colcon_core.package_discovery:discover_packages(ignore) discover
[1.247s] Level 1:colcon.colcon_core.package_discovery:discover_packages(ignore) using defaults
[1.247s] Level 1:colcon.colcon_core.package_discovery:discover_packages(path) discover
[1.247s] Level 1:colcon.colcon_core.package_discovery:discover_packages(path) using defaults
[1.326s] Level 1:colcon.colcon_core.package_discovery:discover_packages(prefix_path) check parameters
[1.326s] Level 1:colcon.colcon_core.package_discovery:discover_packages(prefix_path) discover
[1.337s] DEBUG:colcon.colcon_installed_package_information.package_discovery:Found 1 installed packages in /home/ubuntu/tb3_ws/install
[1.340s] DEBUG:colcon.colcon_installed_package_information.package_discovery:Found 8 installed packages in /home/ubuntu/turtlebot3_ws/install
[1.347s] DEBUG:colcon.colcon_installed_package_information.package_discovery:Found 196 installed packages in /opt/ros/humble
[1.352s] Level 1:colcon.colcon_core.package_discovery:discover_packages(prefix_path) using defaults
[1.514s] Level 5:colcon.colcon_core.verb:set package 'tb3_rnftsmc' build argument 'cmake_args' from command line to 'None'
[1.514s] Level 5:colcon.colcon_core.verb:set package 'tb3_rnftsmc' build argument 'cmake_target' from command line to 'None'
[1.514s] Level 5:colcon.colcon_core.verb:set package 'tb3_rnftsmc' build argument 'cmake_target_skip_unavailable' from command line to 'False'
[1.514s] Level 5:colcon.colcon_core.verb:set package 'tb3_rnftsmc' build argument 'cmake_clean_cache' from command line to 'False'
[1.514s] Level 5:colcon.colcon_core.verb:set package 'tb3_rnftsmc' build argument 'cmake_clean_first' from command line to 'False'
[1.514s] Level 5:colcon.colcon_core.verb:set package 'tb3_rnftsmc' build argument 'cmake_force_configure' from command line to 'False'
[1.514s] Level 5:colcon.colcon_core.verb:set package 'tb3_rnftsmc' build argument 'ament_cmake_args' from command line to 'None'
[1.514s] Level 5:colcon.colcon_core.verb:set package 'tb3_rnftsmc' build argument 'catkin_cmake_args' from command line to 'None'
[1.515s] Level 5:colcon.colcon_core.verb:set package 'tb3_rnftsmc' build argument 'catkin_skip_building_tests' from command line to 'False'
[1.515s] DEBUG:colcon.colcon_core.verb:Building package 'tb3_rnftsmc' with the following arguments: {'ament_cmake_args': None, 'build_base': '/home/ubuntu/tb3_ws/build/tb3_rnftsmc', 'catkin_cmake_args': None, 'catkin_skip_building_tests': False, 'cmake_args': None, 'cmake_clean_cache': False, 'cmake_clean_first': False, 'cmake_force_configure': False, 'cmake_target': None, 'cmake_target_skip_unavailable': False, 'install_base': '/home/ubuntu/tb3_ws/install/tb3_rnftsmc', 'merge_install': False, 'path': '/home/ubuntu/tb3_ws/src/tb3_rnftsmc', 'symlink_install': False, 'test_result_base': None}
[1.515s] INFO:colcon.colcon_core.executor:Executing jobs using 'parallel' executor
[1.518s] DEBUG:colcon.colcon_parallel_executor.executor.parallel:run_until_complete
[1.519s] INFO:colcon.colcon_ros.task.ament_python.build:Building ROS package in '/home/ubuntu/tb3_ws/src/tb3_rnftsmc' with build type 'ament_python'
[1.520s] Level 1:colcon.colcon_core.shell:create_environment_hook('tb3_rnftsmc', 'ament_prefix_path')
[1.529s] INFO:colcon.colcon_core.plugin_system:Skipping extension 'colcon_core.shell.bat': Not used on non-Windows systems
[1.530s] INFO:colcon.colcon_core.shell:Creating environment hook '/home/ubuntu/tb3_ws/install/tb3_rnftsmc/share/tb3_rnftsmc/hook/ament_prefix_path.ps1'
[1.533s] INFO:colcon.colcon_core.shell:Creating environment descriptor '/home/ubuntu/tb3_ws/install/tb3_rnftsmc/share/tb3_rnftsmc/hook/ament_prefix_path.dsv'
[1.535s] INFO:colcon.colcon_core.shell:Creating environment hook '/home/ubuntu/tb3_ws/install/tb3_rnftsmc/share/tb3_rnftsmc/hook/ament_prefix_path.sh'
[1.539s] INFO:colcon.colcon_core.shell:Skip shell extension 'powershell' for command environment: Not usable outside of PowerShell
[1.540s] DEBUG:colcon.colcon_core.shell:Skip shell extension 'dsv' for command environment
[2.613s] WARNING:colcon.colcon_ros.task.ament_python.build:Package 'tb3_rnftsmc' doesn't explicitly install a marker in the package index (colcon-ros currently does it implicitly but that fallback will be removed in the future)
[2.614s] WARNING:colcon.colcon_ros.task.ament_python.build:Package 'tb3_rnftsmc' doesn't explicitly install the 'package.xml' file (colcon-ros currently does it implicitly but that fallback will be removed in the future)
[2.616s] INFO:colcon.colcon_core.task.python.build:Building Python package in '/home/ubuntu/tb3_ws/src/tb3_rnftsmc'
[2.617s] INFO:colcon.colcon_core.shell:Skip shell extension 'powershell' for command environment: Not usable outside of PowerShell
[2.617s] DEBUG:colcon.colcon_core.shell:Skip shell extension 'dsv' for command environment
[4.111s] DEBUG:colcon.colcon_core.event_handler.log_command:Invoking command in '/home/ubuntu/tb3_ws/src/tb3_rnftsmc': PYTHONPATH=/home/ubuntu/tb3_ws/build/tb3_rnftsmc/prefix_override:/usr/lib/python3/dist-packages/colcon_core/task/python/colcon_distutils_commands:/home/ubuntu/tb3_ws/install/tb3_rnftsmc/lib/python3.10/site-packages:${PYTHONPATH} /usr/bin/python3 -W ignore:setup.py install is deprecated -W ignore:easy_install command is deprecated setup.py egg_info --egg-base ../../build/tb3_rnftsmc build --build-base /home/ubuntu/tb3_ws/build/tb3_rnftsmc/build install --record /home/ubuntu/tb3_ws/build/tb3_rnftsmc/install.log --single-version-externally-managed
[5.323s] DEBUG:colcon.colcon_core.event_handler.log_command:Invoked command in '/home/ubuntu/tb3_ws/src/tb3_rnftsmc' returned '0': PYTHONPATH=/home/ubuntu/tb3_ws/build/tb3_rnftsmc/prefix_override:/usr/lib/python3/dist-packages/colcon_core/task/python/colcon_distutils_commands:/home/ubuntu/tb3_ws/install/tb3_rnftsmc/lib/python3.10/site-packages:${PYTHONPATH} /usr/bin/python3 -W ignore:setup.py install is deprecated -W ignore:easy_install command is deprecated setup.py egg_info --egg-base ../../build/tb3_rnftsmc build --build-base /home/ubuntu/tb3_ws/build/tb3_rnftsmc/build install --record /home/ubuntu/tb3_ws/build/tb3_rnftsmc/install.log --single-version-externally-managed
[5.336s] Level 1:colcon.colcon_core.environment:checking '/home/ubuntu/tb3_ws/install/tb3_rnftsmc' for CMake module files
[5.338s] Level 1:colcon.colcon_core.environment:checking '/home/ubuntu/tb3_ws/install/tb3_rnftsmc' for CMake config files
[5.343s] Level 1:colcon.colcon_core.environment:checking '/home/ubuntu/tb3_ws/install/tb3_rnftsmc/lib'
[5.344s] Level 1:colcon.colcon_core.environment:checking '/home/ubuntu/tb3_ws/install/tb3_rnftsmc/bin'
[5.344s] Level 1:colcon.colcon_core.environment:checking '/home/ubuntu/tb3_ws/install/tb3_rnftsmc/lib/pkgconfig/tb3_rnftsmc.pc'
[5.345s] Level 1:colcon.colcon_core.environment:checking '/home/ubuntu/tb3_ws/install/tb3_rnftsmc/lib/python3.10/site-packages'
[5.345s] Level 1:colcon.colcon_core.shell:create_environment_hook('tb3_rnftsmc', 'pythonpath')
[5.346s] INFO:colcon.colcon_core.shell:Creating environment hook '/home/ubuntu/tb3_ws/install/tb3_rnftsmc/share/tb3_rnftsmc/hook/pythonpath.ps1'
[5.348s] INFO:colcon.colcon_core.shell:Creating environment descriptor '/home/ubuntu/tb3_ws/install/tb3_rnftsmc/share/tb3_rnftsmc/hook/pythonpath.dsv'
[5.350s] INFO:colcon.colcon_core.shell:Creating environment hook '/home/ubuntu/tb3_ws/install/tb3_rnftsmc/share/tb3_rnftsmc/hook/pythonpath.sh'
[5.353s] Level 1:colcon.colcon_core.environment:checking '/home/ubuntu/tb3_ws/install/tb3_rnftsmc/bin'
[5.353s] Level 1:colcon.colcon_core.environment:create_environment_scripts_only(tb3_rnftsmc)
[5.354s] INFO:colcon.colcon_core.shell:Creating package script '/home/ubuntu/tb3_ws/install/tb3_rnftsmc/share/tb3_rnftsmc/package.ps1'
[5.358s] INFO:colcon.colcon_core.shell:Creating package descriptor '/home/ubuntu/tb3_ws/install/tb3_rnftsmc/share/tb3_rnftsmc/package.dsv'
[5.361s] INFO:colcon.colcon_core.shell:Creating package script '/home/ubuntu/tb3_ws/install/tb3_rnftsmc/share/tb3_rnftsmc/package.sh'
[5.365s] INFO:colcon.colcon_core.shell:Creating package script '/home/ubuntu/tb3_ws/install/tb3_rnftsmc/share/tb3_rnftsmc/package.bash'
[5.368s] INFO:colcon.colcon_core.shell:Creating package script '/home/ubuntu/tb3_ws/install/tb3_rnftsmc/share/tb3_rnftsmc/package.zsh'
[5.371s] Level 1:colcon.colcon_core.environment:create_file_with_runtime_dependencies(/home/ubuntu/tb3_ws/install/tb3_rnftsmc/share/colcon-core/packages/tb3_rnftsmc)
[5.373s] DEBUG:colcon.colcon_parallel_executor.executor.parallel:closing loop
[5.374s] DEBUG:colcon.colcon_parallel_executor.executor.parallel:loop closed
[5.375s] DEBUG:colcon.colcon_parallel_executor.executor.parallel:run_until_complete finished with '0'
[5.375s] DEBUG:colcon.colcon_core.event_reactor:joining thread
[5.396s] INFO:colcon.colcon_core.plugin_system:Skipping extension 'colcon_notification.desktop_notification.notify_send': Could not find 'notify-send'
[5.397s] INFO:colcon.colcon_core.plugin_system:Skipping extension 'colcon_notification.desktop_notification.terminal_notifier': Not used on non-Darwin systems
[5.397s] INFO:colcon.colcon_core.plugin_system:Skipping extension 'colcon_notification.desktop_notification.win32': Not used on non-Windows systems
[5.397s] INFO:colcon.colcon_notification.desktop_notification:Sending desktop notification using 'notify2'
[5.400s] DEBUG:colcon.colcon_notification.desktop_notification.notify2:Failed to initialize notify2: org.freedesktop.DBus.Error.ServiceUnknown: The name org.freedesktop.Notifications was not provided by any .service files
[5.400s] DEBUG:colcon.colcon_core.event_reactor:joined thread
[5.401s] INFO:colcon.colcon_core.shell:Creating prefix script '/home/ubuntu/tb3_ws/install/local_setup.ps1'
[5.405s] INFO:colcon.colcon_core.shell:Creating prefix util module '/home/ubuntu/tb3_ws/install/_local_setup_util_ps1.py'
[5.411s] INFO:colcon.colcon_core.shell:Creating prefix chain script '/home/ubuntu/tb3_ws/install/setup.ps1'
[5.419s] INFO:colcon.colcon_core.shell:Creating prefix script '/home/ubuntu/tb3_ws/install/local_setup.sh'
[5.421s] INFO:colcon.colcon_core.shell:Creating prefix util module '/home/ubuntu/tb3_ws/install/_local_setup_util_sh.py'
[5.424s] INFO:colcon.colcon_core.shell:Creating prefix chain script '/home/ubuntu/tb3_ws/install/setup.sh'
[5.431s] INFO:colcon.colcon_core.shell:Creating prefix script '/home/ubuntu/tb3_ws/install/local_setup.bash'
[5.433s] INFO:colcon.colcon_core.shell:Creating prefix chain script '/home/ubuntu/tb3_ws/install/setup.bash'
[5.440s] INFO:colcon.colcon_core.shell:Creating prefix script '/home/ubuntu/tb3_ws/install/local_setup.zsh'
[5.442s] INFO:colcon.colcon_core.shell:Creating prefix chain script '/home/ubuntu/tb3_ws/install/setup.zsh'
