[3.007s] Invoking command in '/home/ubuntu/tb3_ws/src/tb3_rnftsmc': PYTHONPATH=/home/ubuntu/tb3_ws/build/tb3_rnftsmc/prefix_override:/usr/lib/python3/dist-packages/colcon_core/task/python/colcon_distutils_commands:/home/ubuntu/tb3_ws/install/tb3_rnftsmc/lib/python3.10/site-packages:${PYTHONPATH} /usr/bin/python3 -W ignore:setup.py install is deprecated -W ignore:easy_install command is deprecated setup.py egg_info --egg-base ../../build/tb3_rnftsmc build --build-base /home/ubuntu/tb3_ws/build/tb3_rnftsmc/build install --record /home/ubuntu/tb3_ws/build/tb3_rnftsmc/install.log --single-version-externally-managed
[3.946s] running egg_info
[3.948s] creating ../../build/tb3_rnftsmc/tb3_rnftsmc.egg-info
[3.949s] writing ../../build/tb3_rnftsmc/tb3_rnftsmc.egg-info/PKG-INFO
[3.950s] writing dependency_links to ../../build/tb3_rnftsmc/tb3_rnftsmc.egg-info/dependency_links.txt
[3.950s] writing entry points to ../../build/tb3_rnftsmc/tb3_rnftsmc.egg-info/entry_points.txt
[3.951s] writing requirements to ../../build/tb3_rnftsmc/tb3_rnftsmc.egg-info/requires.txt
[3.951s] writing top-level names to ../../build/tb3_rnftsmc/tb3_rnftsmc.egg-info/top_level.txt
[3.952s] writing manifest file '../../build/tb3_rnftsmc/tb3_rnftsmc.egg-info/SOURCES.txt'
[3.959s] reading manifest file '../../build/tb3_rnftsmc/tb3_rnftsmc.egg-info/SOURCES.txt'
[3.962s] writing manifest file '../../build/tb3_rnftsmc/tb3_rnftsmc.egg-info/SOURCES.txt'
[3.963s] running build
[3.963s] running build_py
[3.964s] creating /home/ubuntu/tb3_ws/build/tb3_rnftsmc/build
[3.964s] creating /home/ubuntu/tb3_ws/build/tb3_rnftsmc/build/lib
[3.964s] creating /home/ubuntu/tb3_ws/build/tb3_rnftsmc/build/lib/tb3_rnftsmc
[3.965s] copying tb3_rnftsmc/rnftsmc.py -> /home/ubuntu/tb3_ws/build/tb3_rnftsmc/build/lib/tb3_rnftsmc
[3.965s] copying tb3_rnftsmc/trajectory.py -> /home/ubuntu/tb3_ws/build/tb3_rnftsmc/build/lib/tb3_rnftsmc
[3.966s] copying tb3_rnftsmc/__init__.py -> /home/ubuntu/tb3_ws/build/tb3_rnftsmc/build/lib/tb3_rnftsmc
[3.967s] copying tb3_rnftsmc/controller.py -> /home/ubuntu/tb3_ws/build/tb3_rnftsmc/build/lib/tb3_rnftsmc
[3.968s] running install
[3.969s] running install_lib
[3.972s] creating /home/ubuntu/tb3_ws/install/tb3_rnftsmc/lib/python3.10/site-packages/tb3_rnftsmc
[3.972s] copying /home/ubuntu/tb3_ws/build/tb3_rnftsmc/build/lib/tb3_rnftsmc/rnftsmc.py -> /home/ubuntu/tb3_ws/install/tb3_rnftsmc/lib/python3.10/site-packages/tb3_rnftsmc
[3.973s] copying /home/ubuntu/tb3_ws/build/tb3_rnftsmc/build/lib/tb3_rnftsmc/trajectory.py -> /home/ubuntu/tb3_ws/install/tb3_rnftsmc/lib/python3.10/site-packages/tb3_rnftsmc
[3.973s] copying /home/ubuntu/tb3_ws/build/tb3_rnftsmc/build/lib/tb3_rnftsmc/__init__.py -> /home/ubuntu/tb3_ws/install/tb3_rnftsmc/lib/python3.10/site-packages/tb3_rnftsmc
[3.974s] copying /home/ubuntu/tb3_ws/build/tb3_rnftsmc/build/lib/tb3_rnftsmc/controller.py -> /home/ubuntu/tb3_ws/install/tb3_rnftsmc/lib/python3.10/site-packages/tb3_rnftsmc
[3.977s] byte-compiling /home/ubuntu/tb3_ws/install/tb3_rnftsmc/lib/python3.10/site-packages/tb3_rnftsmc/rnftsmc.py to rnftsmc.cpython-310.pyc
[3.982s] byte-compiling /home/ubuntu/tb3_ws/install/tb3_rnftsmc/lib/python3.10/site-packages/tb3_rnftsmc/trajectory.py to trajectory.cpython-310.pyc
[3.983s] byte-compiling /home/ubuntu/tb3_ws/install/tb3_rnftsmc/lib/python3.10/site-packages/tb3_rnftsmc/__init__.py to __init__.cpython-310.pyc
[3.985s] byte-compiling /home/ubuntu/tb3_ws/install/tb3_rnftsmc/lib/python3.10/site-packages/tb3_rnftsmc/controller.py to controller.cpython-310.pyc
[3.985s] running install_egg_info
[3.992s] Copying ../../build/tb3_rnftsmc/tb3_rnftsmc.egg-info to /home/ubuntu/tb3_ws/install/tb3_rnftsmc/lib/python3.10/site-packages/tb3_rnftsmc-0.0.0-py3.10.egg-info
[3.997s] running install_scripts
[4.076s] Installing rnftsmc_controller script to /home/ubuntu/tb3_ws/install/tb3_rnftsmc/lib/tb3_rnftsmc
[4.078s] writing list of installed files to '/home/ubuntu/tb3_ws/build/tb3_rnftsmc/install.log'
[4.194s] Invoked command in '/home/ubuntu/tb3_ws/src/tb3_rnftsmc' returned '0': PYTHONPATH=/home/ubuntu/tb3_ws/build/tb3_rnftsmc/prefix_override:/usr/lib/python3/dist-packages/colcon_core/task/python/colcon_distutils_commands:/home/ubuntu/tb3_ws/install/tb3_rnftsmc/lib/python3.10/site-packages:${PYTHONPATH} /usr/bin/python3 -W ignore:setup.py install is deprecated -W ignore:easy_install command is deprecated setup.py egg_info --egg-base ../../build/tb3_rnftsmc build --build-base /home/ubuntu/tb3_ws/build/tb3_rnftsmc/build install --record /home/ubuntu/tb3_ws/build/tb3_rnftsmc/install.log --single-version-externally-managed
