[2.589s] Invoking command in '/home/ubuntu/tb3_ws/src/tb3_rnftsmc': PYTHONPATH=/home/ubuntu/tb3_ws/build/tb3_rnftsmc/prefix_override:/usr/lib/python3/dist-packages/colcon_core/task/python/colcon_distutils_commands:/home/ubuntu/tb3_ws/install/tb3_rnftsmc/lib/python3.10/site-packages:${PYTHONPATH} /usr/bin/python3 -W ignore:setup.py install is deprecated -W ignore:easy_install command is deprecated setup.py egg_info --egg-base ../../build/tb3_rnftsmc build --build-base /home/ubuntu/tb3_ws/build/tb3_rnftsmc/build install --record /home/ubuntu/tb3_ws/build/tb3_rnftsmc/install.log --single-version-externally-managed
[3.594s] running egg_info
[3.596s] writing ../../build/tb3_rnftsmc/tb3_rnftsmc.egg-info/PKG-INFO
[3.597s] writing dependency_links to ../../build/tb3_rnftsmc/tb3_rnftsmc.egg-info/dependency_links.txt
[3.598s] writing entry points to ../../build/tb3_rnftsmc/tb3_rnftsmc.egg-info/entry_points.txt
[3.599s] writing requirements to ../../build/tb3_rnftsmc/tb3_rnftsmc.egg-info/requires.txt
[3.600s] writing top-level names to ../../build/tb3_rnftsmc/tb3_rnftsmc.egg-info/top_level.txt
[3.608s] reading manifest file '../../build/tb3_rnftsmc/tb3_rnftsmc.egg-info/SOURCES.txt'
[3.612s] writing manifest file '../../build/tb3_rnftsmc/tb3_rnftsmc.egg-info/SOURCES.txt'
[3.613s] running build
[3.613s] running build_py
[3.614s] copying tb3_rnftsmc/controller.py -> /home/ubuntu/tb3_ws/build/tb3_rnftsmc/build/lib/tb3_rnftsmc
[3.616s] running install
[3.617s] running install_lib
[3.621s] copying /home/ubuntu/tb3_ws/build/tb3_rnftsmc/build/lib/tb3_rnftsmc/controller.py -> /home/ubuntu/tb3_ws/install/tb3_rnftsmc/lib/python3.10/site-packages/tb3_rnftsmc
[3.624s] byte-compiling /home/ubuntu/tb3_ws/install/tb3_rnftsmc/lib/python3.10/site-packages/tb3_rnftsmc/controller.py to controller.cpython-310.pyc
[3.631s] running install_egg_info
[3.638s] removing '/home/ubuntu/tb3_ws/install/tb3_rnftsmc/lib/python3.10/site-packages/tb3_rnftsmc-0.0.0-py3.10.egg-info' (and everything under it)
[3.639s] Copying ../../build/tb3_rnftsmc/tb3_rnftsmc.egg-info to /home/ubuntu/tb3_ws/install/tb3_rnftsmc/lib/python3.10/site-packages/tb3_rnftsmc-0.0.0-py3.10.egg-info
[3.644s] running install_scripts
[3.725s] Installing rnftsmc_controller script to /home/ubuntu/tb3_ws/install/tb3_rnftsmc/lib/tb3_rnftsmc
[3.727s] writing list of installed files to '/home/ubuntu/tb3_ws/build/tb3_rnftsmc/install.log'
[3.847s] Invoked command in '/home/ubuntu/tb3_ws/src/tb3_rnftsmc' returned '0': PYTHONPATH=/home/ubuntu/tb3_ws/build/tb3_rnftsmc/prefix_override:/usr/lib/python3/dist-packages/colcon_core/task/python/colcon_distutils_commands:/home/ubuntu/tb3_ws/install/tb3_rnftsmc/lib/python3.10/site-packages:${PYTHONPATH} /usr/bin/python3 -W ignore:setup.py install is deprecated -W ignore:easy_install command is deprecated setup.py egg_info --egg-base ../../build/tb3_rnftsmc build --build-base /home/ubuntu/tb3_ws/build/tb3_rnftsmc/build install --record /home/ubuntu/tb3_ws/build/tb3_rnftsmc/install.log --single-version-externally-managed
