[2.564s] Invoking command in '/home/ubuntu/tb3_ws/src/tb3_rnftsmc': PYTHONPATH=/home/ubuntu/tb3_ws/build/tb3_rnftsmc/prefix_override:/usr/lib/python3/dist-packages/colcon_core/task/python/colcon_distutils_commands:/home/ubuntu/tb3_ws/install/tb3_rnftsmc/lib/python3.10/site-packages:${PYTHONPATH} /usr/bin/python3 -W ignore:setup.py install is deprecated -W ignore:easy_install command is deprecated setup.py egg_info --egg-base ../../build/tb3_rnftsmc build --build-base /home/ubuntu/tb3_ws/build/tb3_rnftsmc/build install --record /home/ubuntu/tb3_ws/build/tb3_rnftsmc/install.log --single-version-externally-managed
[3.526s] running egg_info
[3.528s] writing ../../build/tb3_rnftsmc/tb3_rnftsmc.egg-info/PKG-INFO
[3.529s] writing dependency_links to ../../build/tb3_rnftsmc/tb3_rnftsmc.egg-info/dependency_links.txt
[3.530s] writing entry points to ../../build/tb3_rnftsmc/tb3_rnftsmc.egg-info/entry_points.txt
[3.531s] writing requirements to ../../build/tb3_rnftsmc/tb3_rnftsmc.egg-info/requires.txt
[3.531s] writing top-level names to ../../build/tb3_rnftsmc/tb3_rnftsmc.egg-info/top_level.txt
[3.539s] reading manifest file '../../build/tb3_rnftsmc/tb3_rnftsmc.egg-info/SOURCES.txt'
[3.543s] writing manifest file '../../build/tb3_rnftsmc/tb3_rnftsmc.egg-info/SOURCES.txt'
[3.544s] running build
[3.544s] running build_py
[3.545s] copying tb3_rnftsmc/controller.py -> /home/ubuntu/tb3_ws/build/tb3_rnftsmc/build/lib/tb3_rnftsmc
[3.547s] running install
[3.548s] running install_lib
[3.551s] copying /home/ubuntu/tb3_ws/build/tb3_rnftsmc/build/lib/tb3_rnftsmc/controller.py -> /home/ubuntu/tb3_ws/install/tb3_rnftsmc/lib/python3.10/site-packages/tb3_rnftsmc
[3.554s] byte-compiling /home/ubuntu/tb3_ws/install/tb3_rnftsmc/lib/python3.10/site-packages/tb3_rnftsmc/controller.py to controller.cpython-310.pyc
[3.560s] running install_egg_info
[3.567s] removing '/home/ubuntu/tb3_ws/install/tb3_rnftsmc/lib/python3.10/site-packages/tb3_rnftsmc-0.0.0-py3.10.egg-info' (and everything under it)
[3.569s] Copying ../../build/tb3_rnftsmc/tb3_rnftsmc.egg-info to /home/ubuntu/tb3_ws/install/tb3_rnftsmc/lib/python3.10/site-packages/tb3_rnftsmc-0.0.0-py3.10.egg-info
[3.574s] running install_scripts
[3.652s] Installing rnftsmc_controller script to /home/ubuntu/tb3_ws/install/tb3_rnftsmc/lib/tb3_rnftsmc
[3.654s] writing list of installed files to '/home/ubuntu/tb3_ws/build/tb3_rnftsmc/install.log'
[3.769s] Invoked command in '/home/ubuntu/tb3_ws/src/tb3_rnftsmc' returned '0': PYTHONPATH=/home/ubuntu/tb3_ws/build/tb3_rnftsmc/prefix_override:/usr/lib/python3/dist-packages/colcon_core/task/python/colcon_distutils_commands:/home/ubuntu/tb3_ws/install/tb3_rnftsmc/lib/python3.10/site-packages:${PYTHONPATH} /usr/bin/python3 -W ignore:setup.py install is deprecated -W ignore:easy_install command is deprecated setup.py egg_info --egg-base ../../build/tb3_rnftsmc build --build-base /home/ubuntu/tb3_ws/build/tb3_rnftsmc/build install --record /home/ubuntu/tb3_ws/build/tb3_rnftsmc/install.log --single-version-externally-managed
